[INFO] Scanning for projects...
[INFO] 
[INFO] --------------------< com.GAKOM_ECOTACNA:ECOTACNA >---------------------
[INFO] Building ECOTACNA 0.0.1-SNAPSHOT
[INFO]   from pom.xml
[INFO] --------------------------------[ jar ]---------------------------------
[INFO] 
[INFO] >>> spring-boot:4.0.6:run (default-cli) > test-compile @ ECOTACNA >>>
[INFO] 
[INFO] --- resources:3.3.1:resources (default-resources) @ ECOTACNA ---
[INFO] Copying 2 resources from src\main\resources to target\classes
[INFO] Copying 2 resources from src\main\resources to target\classes
[INFO] 
[INFO] --- compiler:3.14.1:compile (default-compile) @ ECOTACNA ---
[INFO] Nothing to compile - all classes are up to date.
[INFO] 
[INFO] --- resources:3.3.1:testResources (default-testResources) @ ECOTACNA ---
[INFO] Copying 1 resource from src\test\resources to target\test-classes
[INFO] 
[INFO] --- compiler:3.14.1:testCompile (default-testCompile) @ ECOTACNA ---
[INFO] Recompiling the module because of changed source code.
[INFO] Compiling 4 source files with javac [debug parameters release 17] to target\test-classes
[INFO] 
[INFO] <<< spring-boot:4.0.6:run (default-cli) < test-compile @ ECOTACNA <<<
[INFO] 
[INFO] 
[INFO] --- spring-boot:4.0.6:run (default-cli) @ ECOTACNA ---
[INFO] Attaching agents: []

  .   ____          _            __ _ _
 /\\ / ___'_ __ _ _(_)_ __  __ _ \ \ \ \
( ( )\___ | '_ | '_| | '_ \/ _` | \ \ \ \
 \\/  ___)| |_)| | | | | || (_| |  ) ) ) )
  '  |____| .__|_| |_|_| |_\__, | / / / /
 =========|_|==============|___/=/_/_/_/

 :: Spring Boot ::                (v4.0.6)

2026-06-04T03:53:25.407-05:00  INFO 10808 --- [ECOTACNA] [           main] c.G.ECOTACNA.EcotacnaApplication         : Starting EcotacnaApplication using Java 17.0.19 with PID 10808 (C:\Users\MILTONHFLORESCHINO\Downloads\ECOTACNA_APIS\ECOTACNA_APIS\EcoTacnaSpringBootJPA\target\classes started by MILTONHFLORESCHINO in C:\Users\MILTONHFLORESCHINO\Downloads\ECOTACNA_APIS\ECOTACNA_APIS\EcoTacnaSpringBootJPA)
2026-06-04T03:53:25.412-05:00  INFO 10808 --- [ECOTACNA] [           main] c.G.ECOTACNA.EcotacnaApplication         : The following 1 profile is active: "supabase"
2026-06-04T03:53:26.316-05:00  INFO 10808 --- [ECOTACNA] [           main] .s.d.r.c.RepositoryConfigurationDelegate : Bootstrapping Spring Data JPA repositories in DEFAULT mode.
2026-06-04T03:53:26.417-05:00  INFO 10808 --- [ECOTACNA] [           main] .s.d.r.c.RepositoryConfigurationDelegate : Finished Spring Data repository scanning in 90 ms. Found 8 JPA repository interfaces.
2026-06-04T03:53:27.128-05:00  INFO 10808 --- [ECOTACNA] [           main] o.s.boot.tomcat.TomcatWebServer          : Tomcat initialized with port 8082 (http)
2026-06-04T03:53:27.143-05:00  INFO 10808 --- [ECOTACNA] [           main] o.apache.catalina.core.StandardService   : Starting service [Tomcat]
2026-06-04T03:53:27.143-05:00  INFO 10808 --- [ECOTACNA] [           main] o.apache.catalina.core.StandardEngine    : Starting Servlet engine: [Apache Tomcat/11.0.21]
2026-06-04T03:53:27.228-05:00  INFO 10808 --- [ECOTACNA] [           main] b.w.c.s.WebApplicationContextInitializer : Root WebApplicationContext: initialization completed in 1764 ms
2026-06-04T03:53:27.379-05:00  INFO 10808 --- [ECOTACNA] [           main] org.hibernate.orm.jpa                    : HHH008540: Processing PersistenceUnitInfo [name: default]
2026-06-04T03:53:27.449-05:00  INFO 10808 --- [ECOTACNA] [           main] org.hibernate.orm.core                   : HHH000001: Hibernate ORM core version 7.2.12.Final
2026-06-04T03:53:28.204-05:00  INFO 10808 --- [ECOTACNA] [           main] o.s.o.j.p.SpringPersistenceUnitInfo      : No LoadTimeWeaver setup: ignoring JPA class transformer
2026-06-04T03:53:28.251-05:00  INFO 10808 --- [ECOTACNA] [           main] com.zaxxer.hikari.HikariDataSource       : HikariPool-1 - Starting...
2026-06-04T03:53:29.709-05:00  INFO 10808 --- [ECOTACNA] [           main] com.zaxxer.hikari.HikariDataSource       : HikariPool-1 - Start completed.
2026-06-04T03:53:30.658-05:00  WARN 10808 --- [ECOTACNA] [           main] org.hibernate.orm.deprecation            : HHH90000025: PostgreSQLDialect does not need to be specified explicitly using 'hibernate.dialect' (remove the property setting and it will be selected by default)
2026-06-04T03:53:31.122-05:00  INFO 10808 --- [ECOTACNA] [           main] org.hibernate.orm.connections.pooling    : HHH10001005: Database info:
	Database JDBC URL [jdbc:postgresql://aws-1-us-east-1.pooler.supabase.com:6543/postgres?sslmode=require&prepareThreshold=0]
	Database driver: PostgreSQL JDBC Driver
	Database dialect: PostgreSQLDialect
	Database version: 17.6
	Default catalog/schema: postgres/public
	Autocommit mode: undefined/unknown
	Isolation level: READ_COMMITTED [default READ_COMMITTED]
	JDBC fetch size: none
	Pool: DataSourceConnectionProvider
	Minimum pool size: undefined/unknown
	Maximum pool size: undefined/unknown
2026-06-04T03:53:32.616-05:00  INFO 10808 --- [ECOTACNA] [           main] org.hibernate.orm.core                   : HHH000489: No JTA platform available (set 'hibernate.transaction.jta.platform' to enable JTA platform integration)
2026-06-04T03:53:33.711-05:00  INFO 10808 --- [ECOTACNA] [           main] j.LocalContainerEntityManagerFactoryBean : Initialized JPA EntityManagerFactory for persistence unit 'default'
2026-06-04T03:53:33.771-05:00  INFO 10808 --- [ECOTACNA] [           main] o.s.d.j.r.query.QueryEnhancerFactories   : Hibernate is in classpath; If applicable, HQL parser will be used.
2026-06-04T03:53:35.345-05:00  WARN 10808 --- [ECOTACNA] [           main] JpaBaseConfiguration$JpaWebConfiguration : spring.jpa.open-in-view is enabled by default. Therefore, database queries may be performed during view rendering. Explicitly configure spring.jpa.open-in-view to disable this warning
2026-06-04T03:53:35.435-05:00  INFO 10808 --- [ECOTACNA] [           main] r$InitializeUserDetailsManagerConfigurer : Global AuthenticationManager configured with UserDetailsService bean with name customUserDetailsService
2026-06-04T03:53:35.657-05:00  INFO 10808 --- [ECOTACNA] [           main] o.s.b.w.a.WelcomePageHandlerMapping      : Adding welcome page: class path resource [static/index.html]
2026-06-04T03:53:35.875-05:00  WARN 10808 --- [ECOTACNA] [           main] ion$DefaultTemplateResolverConfiguration : Cannot find template location: classpath:/templates/ (please add some templates, check your Thymeleaf configuration, or set spring.thymeleaf.check-template-location=false)
2026-06-04T03:53:35.991-05:00  INFO 10808 --- [ECOTACNA] [           main] o.s.boot.tomcat.TomcatWebServer          : Tomcat started on port 8082 (http) with context path '/ecotacna'
2026-06-04T03:53:35.995-05:00  INFO 10808 --- [ECOTACNA] [           main] c.G.ECOTACNA.EcotacnaApplication         : Started EcotacnaApplication in 11.124 seconds (process running for 11.715)
2026-06-04T03:53:36.310-05:00  INFO 10808 --- [ECOTACNA] [nio-8082-exec-1] o.a.c.c.C.[.[localhost].[/ecotacna]      : Initializing Spring DispatcherServlet 'dispatcherServlet'
2026-06-04T03:53:36.311-05:00  INFO 10808 --- [ECOTACNA] [nio-8082-exec-1] o.s.web.servlet.DispatcherServlet        : Initializing Servlet 'dispatcherServlet'
2026-06-04T03:53:36.313-05:00  INFO 10808 --- [ECOTACNA] [nio-8082-exec-1] o.s.web.servlet.DispatcherServlet        : Completed initialization in 2 ms
[INFO] ------------------------------------------------------------------------
[INFO] BUILD FAILURE
[INFO] ------------------------------------------------------------------------
[INFO] Total time:  19:31 min
[INFO] Finished at: 2026-06-04T04:12:49-05:00
[INFO] ------------------------------------------------------------------------
[ERROR] Failed to execute goal org.springframework.boot:spring-boot-maven-plugin:4.0.6:run (default-cli) on project ECOTACNA: Process terminated with exit code: -1 -> [Help 1]
[ERROR] 
[ERROR] To see the full stack trace of the errors, re-run Maven with the -e switch.
[ERROR] Re-run Maven using the -X switch to enable full debug logging.
[ERROR] 
[ERROR] For more information about the errors and possible solutions, please read the following articles:
[ERROR] [Help 1] http://cwiki.apache.org/confluence/display/MAVEN/MojoExecutionException
